<?xml version="1.0" encoding="UTF-8"?>
<robot generator="Robot 6.1.1 (Python 3.12.1 on win32)" generated="20241025 07:55:38.419" rpa="false" schemaversion="4">
<suite id="s1" name="Ro+1" source="C:\Users\User\Desktop\Last_product\Ro+1.robot">
<test id="s1-t1" name="TC_01" line="19">
<kw name="Open Browser" library="SeleniumLibrary">
<arg>https://www.saucedemo.com/</arg>
<arg>chrome</arg>
<arg>options=add_experimental_option("detach", True)</arg>
<doc>Opens a new browser instance to the optional ``url``.</doc>
<msg timestamp="20241025 07:55:38.578" level="INFO">Opening browser 'chrome' to base url 'https://www.saucedemo.com/'.</msg>
<msg timestamp="20241025 07:55:38.836" level="WARN">The chromedriver version (129.0.6668.100) detected in PATH at C:\chromedriver\chromedriver.exe might not be compatible with the detected chrome version (130.0.6723.70); currently, chromedriver 130.0.6723.69 is recommended for chrome 130.*, so it is advised to delete the driver in PATH and retry</msg>
<status status="PASS" starttime="20241025 07:55:38.577" endtime="20241025 07:55:40.374"/>
</kw>
<kw name="Wait Until Element Is Visible" library="SeleniumLibrary">
<arg>//div[@class='login_logo'][text()='Swag Labs']</arg>
<doc>Waits until the element ``locator`` is visible.</doc>
<status status="PASS" starttime="20241025 07:55:40.374" endtime="20241025 07:55:40.400"/>
</kw>
<kw name="Element Text Should Be" library="SeleniumLibrary">
<arg>xpath= //div[@class='login_logo']</arg>
<arg>expected=Swag Labs</arg>
<doc>Verifies that element ``locator`` contains exact the text ``expected``.</doc>
<msg timestamp="20241025 07:55:40.401" level="INFO">Verifying element 'xpath= //div[@class='login_logo']' contains exact text 'Swag Labs'.</msg>
<status status="PASS" starttime="20241025 07:55:40.400" endtime="20241025 07:55:40.424"/>
</kw>
<kw name="Wait Until Element Is Visible" library="SeleniumLibrary">
<arg>xpath=//input[@id='user-name']</arg>
<arg>10s</arg>
<doc>Waits until the element ``locator`` is visible.</doc>
<status status="PASS" starttime="20241025 07:55:40.424" endtime="20241025 07:55:40.449"/>
</kw>
<kw name="Wait Until Element Is Visible" library="SeleniumLibrary">
<arg>xpath=//input[@id='password']</arg>
<arg>10s</arg>
<doc>Waits until the element ``locator`` is visible.</doc>
<status status="PASS" starttime="20241025 07:55:40.450" endtime="20241025 07:55:40.465"/>
</kw>
<kw name="Page Should Contain Element" library="SeleniumLibrary">
<arg>xpath=//input[@id="login-button"]</arg>
<arg>10s</arg>
<doc>Verifies that element ``locator`` is found on the current page.</doc>
<msg timestamp="20241025 07:55:40.475" level="INFO">Current page contains element 'xpath=//input[@id="login-button"]'.</msg>
<status status="PASS" starttime="20241025 07:55:40.466" endtime="20241025 07:55:40.475"/>
</kw>
<kw name="Input Text" library="SeleniumLibrary">
<arg>id= user-name</arg>
<arg>standard_user</arg>
<doc>Types the given ``text`` into the text field identified by ``locator``.</doc>
<msg timestamp="20241025 07:55:40.476" level="INFO">Typing text 'standard_user' into text field 'id= user-name'.</msg>
<status status="PASS" starttime="20241025 07:55:40.476" endtime="20241025 07:55:40.585"/>
</kw>
<kw name="Textfield Should Contain" library="SeleniumLibrary">
<arg>id= user-name</arg>
<arg>standard_user</arg>
<doc>Verifies text field ``locator`` contains text ``expected``.</doc>
<msg timestamp="20241025 07:55:40.610" level="INFO">Text field 'id= user-name' contains text 'standard_user'.</msg>
<status status="PASS" starttime="20241025 07:55:40.585" endtime="20241025 07:55:40.610"/>
</kw>
<kw name="Element Attribute Value Should Be" library="SeleniumLibrary">
<arg>id= user-name</arg>
<arg>value</arg>
<arg>standard_user</arg>
<doc>Verifies element identified by ``locator`` contains expected attribute value.</doc>
<msg timestamp="20241025 07:55:40.623" level="INFO">Element 'id= user-name' attribute 'value' contains value 'standard_user'.</msg>
<status status="PASS" starttime="20241025 07:55:40.611" endtime="20241025 07:55:40.623"/>
</kw>
<kw name="Get Element Attribute" library="SeleniumLibrary">
<var>${user}</var>
<arg>id= user-name</arg>
<arg>value</arg>
<doc>Returns the value of ``attribute`` from the element ``locator``.</doc>
<msg timestamp="20241025 07:55:40.635" level="INFO">${user} = standard_user</msg>
<status status="PASS" starttime="20241025 07:55:40.623" endtime="20241025 07:55:40.635"/>
</kw>
<kw name="Should Be Equal" library="BuiltIn">
<arg>${user}</arg>
<arg>standard_user</arg>
<doc>Fails if the given objects are unequal.</doc>
<status status="PASS" starttime="20241025 07:55:40.635" endtime="20241025 07:55:40.635"/>
</kw>
<kw name="Page Should Contain Element" library="SeleniumLibrary">
<arg>//input[@id='user-name'][@value='standard_user']</arg>
<doc>Verifies that element ``locator`` is found on the current page.</doc>
<msg timestamp="20241025 07:55:40.642" level="INFO">Current page contains element '//input[@id='user-name'][@value='standard_user']'.</msg>
<status status="PASS" starttime="20241025 07:55:40.635" endtime="20241025 07:55:40.643"/>
</kw>
<kw name="Textfield Value Should Be" library="SeleniumLibrary">
<arg>//input[@id='user-name']</arg>
<arg>standard_user</arg>
<doc>Verifies text field ``locator`` has exactly text ``expected``.</doc>
<msg timestamp="20241025 07:55:40.659" level="INFO">Content of text field '//input[@id='user-name']' is 'standard_user'.</msg>
<status status="PASS" starttime="20241025 07:55:40.643" endtime="20241025 07:55:40.660"/>
</kw>
<kw name="Wait Until Element Is Visible" library="SeleniumLibrary">
<arg>//input[@id='user-name'][@value='standard_user']</arg>
<doc>Waits until the element ``locator`` is visible.</doc>
<status status="PASS" starttime="20241025 07:55:40.660" endtime="20241025 07:55:40.670"/>
</kw>
<kw name="Wait Until Page Contains Element" library="SeleniumLibrary">
<arg>//input[@id='user-name'][@value='standard_user']</arg>
<doc>Waits until the element ``locator`` appears on the current page.</doc>
<status status="PASS" starttime="20241025 07:55:40.671" endtime="20241025 07:55:40.676"/>
</kw>
<kw name="Input Text" library="SeleniumLibrary">
<arg>id= password</arg>
<arg>secret_sauce</arg>
<doc>Types the given ``text`` into the text field identified by ``locator``.</doc>
<msg timestamp="20241025 07:55:40.676" level="INFO">Typing text 'secret_sauce' into text field 'id= password'.</msg>
<status status="PASS" starttime="20241025 07:55:40.676" endtime="20241025 07:55:40.725"/>
</kw>
<kw name="Textfield Value Should Be" library="SeleniumLibrary">
<arg>id= password</arg>
<arg>secret_sauce</arg>
<doc>Verifies text field ``locator`` has exactly text ``expected``.</doc>
<msg timestamp="20241025 07:55:40.743" level="INFO">Content of text field 'id= password' is 'secret_sauce'.</msg>
<status status="PASS" starttime="20241025 07:55:40.727" endtime="20241025 07:55:40.743"/>
</kw>
<kw name="Capture Page Screenshot" library="SeleniumLibrary">
<arg>TC_01_{index}.png</arg>
<doc>Takes a screenshot of the current page and embeds it into a log file.</doc>
<msg timestamp="20241025 07:55:40.797" level="INFO" html="true">&lt;/td&gt;&lt;/tr&gt;&lt;tr&gt;&lt;td colspan="3"&gt;&lt;a href="TC_01_1.png"&gt;&lt;img src="TC_01_1.png" width="800px"&gt;&lt;/a&gt;</msg>
<status status="PASS" starttime="20241025 07:55:40.744" endtime="20241025 07:55:40.798"/>
</kw>
<kw name="Click Element" library="SeleniumLibrary">
<arg>//input[@id="login-button"]</arg>
<doc>Click the element identified by ``locator``.</doc>
<msg timestamp="20241025 07:55:40.798" level="INFO">Clicking element '//input[@id="login-button"]'.</msg>
<status status="PASS" starttime="20241025 07:55:40.798" endtime="20241025 07:55:40.859"/>
</kw>
<kw name="Wait Until Element Is Visible" library="SeleniumLibrary">
<arg>//div[@id='header_container']//button[@id='react-burger-menu-btn']</arg>
<doc>Waits until the element ``locator`` is visible.</doc>
<status status="PASS" starttime="20241025 07:55:40.860" endtime="20241025 07:55:40.879"/>
</kw>
<kw name="Wait Until Element Is Visible" library="SeleniumLibrary">
<arg>//div[@id='header_container']//div[@id='shopping_cart_container']</arg>
<doc>Waits until the element ``locator`` is visible.</doc>
<status status="PASS" starttime="20241025 07:55:40.879" endtime="20241025 07:55:40.893"/>
</kw>
<kw name="Capture Page Screenshot" library="SeleniumLibrary">
<arg>TC_01_{index}.png</arg>
<doc>Takes a screenshot of the current page and embeds it into a log file.</doc>
<msg timestamp="20241025 07:55:40.973" level="INFO" html="true">&lt;/td&gt;&lt;/tr&gt;&lt;tr&gt;&lt;td colspan="3"&gt;&lt;a href="TC_01_2.png"&gt;&lt;img src="TC_01_2.png" width="800px"&gt;&lt;/a&gt;</msg>
<status status="PASS" starttime="20241025 07:55:40.893" endtime="20241025 07:55:40.973"/>
</kw>
<kw name="Wait Until Element Is Visible" library="SeleniumLibrary">
<arg>//div[@class='inventory_item']//div[text()='${product_sauce_labs_bike_light}[title]']</arg>
<doc>Waits until the element ``locator`` is visible.</doc>
<status status="PASS" starttime="20241025 07:55:40.974" endtime="20241025 07:55:40.986"/>
</kw>
<kw name="Wait Until Element Is Visible" library="SeleniumLibrary">
<arg>//div[@class='inventory_item' and .//div[text()='${product_sauce_labs_bike_light}[title]'] and .//div[@class='inventory_item_price'][text()='${product_sauce_labs_bike_light}[price]']]</arg>
<doc>Waits until the element ``locator`` is visible.</doc>
<status status="PASS" starttime="20241025 07:55:40.986" endtime="20241025 07:55:40.997"/>
</kw>
<kw name="Wait Until Element Is Visible" library="SeleniumLibrary">
<arg>//div[@class='inventory_item' and .//div[text()='${product_sauce_labs_bike_light}[title]'] and .//div[@class='inventory_item_price'][text()='${product_sauce_labs_bike_light}[price]']]//button[text()='Add to cart']</arg>
<doc>Waits until the element ``locator`` is visible.</doc>
<status status="PASS" starttime="20241025 07:55:40.997" endtime="20241025 07:55:41.009"/>
</kw>
<kw name="Run Keyword And Return Status" library="BuiltIn">
<var>${has_count_of_cart}</var>
<arg>Page Should Contain Element</arg>
<arg>//span[@class='shopping_cart_badge']</arg>
<doc>Runs the given keyword with given arguments and returns the status as a Boolean value.</doc>
<kw name="Page Should Contain Element" library="SeleniumLibrary">
<arg>//span[@class='shopping_cart_badge']</arg>
<doc>Verifies that element ``locator`` is found on the current page.</doc>
<msg timestamp="20241025 07:55:41.085" level="INFO" html="true">&lt;/td&gt;&lt;/tr&gt;&lt;tr&gt;&lt;td colspan="3"&gt;&lt;a href="selenium-screenshot-1.png"&gt;&lt;img src="selenium-screenshot-1.png" width="800px"&gt;&lt;/a&gt;</msg>
<msg timestamp="20241025 07:55:41.085" level="FAIL">Page should have contained element '//span[@class='shopping_cart_badge']' but did not.</msg>
<status status="FAIL" starttime="20241025 07:55:41.009" endtime="20241025 07:55:41.086"/>
</kw>
<msg timestamp="20241025 07:55:41.087" level="INFO">${has_count_of_cart} = False</msg>
<status status="PASS" starttime="20241025 07:55:41.009" endtime="20241025 07:55:41.087"/>
</kw>
<if>
<branch type="IF" condition="${has_count_of_cart} == ${True}">
<kw name="Get Text" library="SeleniumLibrary">
<var>${count_of_cart}</var>
<arg>//span[@class='shopping_cart_badge']</arg>
<doc>Returns the text value of the element identified by ``locator``.</doc>
<status status="NOT RUN" starttime="20241025 07:55:41.087" endtime="20241025 07:55:41.087"/>
</kw>
<status status="NOT RUN" starttime="20241025 07:55:41.087" endtime="20241025 07:55:41.087"/>
</branch>
<branch type="ELSE">
<kw name="Set Variable" library="BuiltIn">
<var>${count_of_cart}</var>
<arg>0</arg>
<doc>Returns the given values which can then be assigned to a variables.</doc>
<msg timestamp="20241025 07:55:41.087" level="INFO">${count_of_cart} = 0</msg>
<status status="PASS" starttime="20241025 07:55:41.087" endtime="20241025 07:55:41.087"/>
</kw>
<status status="PASS" starttime="20241025 07:55:41.087" endtime="20241025 07:55:41.087"/>
</branch>
<status status="PASS" starttime="20241025 07:55:41.087" endtime="20241025 07:55:41.087"/>
</if>
<kw name="Click Element" library="SeleniumLibrary">
<arg>//div[@class='inventory_item' and .//div[text()='${product_sauce_labs_bike_light}[title]'] and .//div[@class='inventory_item_price'][text()='${product_sauce_labs_bike_light}[price]']]//button[text()='Add to cart']</arg>
<doc>Click the element identified by ``locator``.</doc>
<msg timestamp="20241025 07:55:41.088" level="INFO">Clicking element '//div[@class='inventory_item' and .//div[text()='Sauce Labs Bike Light'] and .//div[@class='inventory_item_price'][text()='9.99']]//button[text()='Add to cart']'.</msg>
<status status="PASS" starttime="20241025 07:55:41.088" endtime="20241025 07:55:41.113"/>
</kw>
<kw name="Wait Until Element Is Visible" library="SeleniumLibrary">
<arg>//span[@class='shopping_cart_badge']</arg>
<doc>Waits until the element ``locator`` is visible.</doc>
<status status="PASS" starttime="20241025 07:55:41.114" endtime="20241025 07:55:41.128"/>
</kw>
<kw name="Get Text" library="SeleniumLibrary">
<var>${last_count_of_cart}</var>
<arg>//span[@class='shopping_cart_badge']</arg>
<doc>Returns the text value of the element identified by ``locator``.</doc>
<msg timestamp="20241025 07:55:41.142" level="INFO">${last_count_of_cart} = 1</msg>
<status status="PASS" starttime="20241025 07:55:41.129" endtime="20241025 07:55:41.142"/>
</kw>
<kw name="Should Be True" library="BuiltIn">
<arg>${count_of_cart} + 1 == ${last_count_of_cart}</arg>
<doc>Fails if the given condition is not true.</doc>
<status status="PASS" starttime="20241025 07:55:41.142" endtime="20241025 07:55:41.142"/>
</kw>
<kw name="Capture Page Screenshot" library="SeleniumLibrary">
<arg>TC_01_{index}.png</arg>
<doc>Takes a screenshot of the current page and embeds it into a log file.</doc>
<msg timestamp="20241025 07:55:41.210" level="INFO" html="true">&lt;/td&gt;&lt;/tr&gt;&lt;tr&gt;&lt;td colspan="3"&gt;&lt;a href="TC_01_3.png"&gt;&lt;img src="TC_01_3.png" width="800px"&gt;&lt;/a&gt;</msg>
<status status="PASS" starttime="20241025 07:55:41.143" endtime="20241025 07:55:41.210"/>
</kw>
<kw name="Wait Until Element Is Visible" library="SeleniumLibrary">
<arg>//div[@class='inventory_item']//div[text()='${product_sauce_labs_bolt_t-Shirt}[title]']</arg>
<doc>Waits until the element ``locator`` is visible.</doc>
<status status="PASS" starttime="20241025 07:55:41.210" endtime="20241025 07:55:41.222"/>
</kw>
<kw name="Wait Until Element Is Visible" library="SeleniumLibrary">
<arg>//div[@class='inventory_item' and .//div[text()='${product_sauce_labs_bolt_t-Shirt}[title]'] and .//div[@class='inventory_item_price'][text()='${product_sauce_labs_bolt_t-Shirt}[price]']]</arg>
<doc>Waits until the element ``locator`` is visible.</doc>
<status status="PASS" starttime="20241025 07:55:41.222" endtime="20241025 07:55:41.233"/>
</kw>
<kw name="Wait Until Element Is Visible" library="SeleniumLibrary">
<arg>//div[@class='inventory_item' and .//div[text()='${product_sauce_labs_bolt_t-Shirt}[title]'] and .//div[@class='inventory_item_price'][text()='${product_sauce_labs_bolt_t-Shirt}[price]']]//button[text()='Add to cart']</arg>
<doc>Waits until the element ``locator`` is visible.</doc>
<status status="PASS" starttime="20241025 07:55:41.233" endtime="20241025 07:55:41.244"/>
</kw>
<kw name="Run Keyword And Return Status" library="BuiltIn">
<var>${has_count_of_cart}</var>
<arg>Page Should Contain Element</arg>
<arg>//span[@class='shopping_cart_badge']</arg>
<doc>Runs the given keyword with given arguments and returns the status as a Boolean value.</doc>
<kw name="Page Should Contain Element" library="SeleniumLibrary">
<arg>//span[@class='shopping_cart_badge']</arg>
<doc>Verifies that element ``locator`` is found on the current page.</doc>
<msg timestamp="20241025 07:55:41.248" level="INFO">Current page contains element '//span[@class='shopping_cart_badge']'.</msg>
<status status="PASS" starttime="20241025 07:55:41.244" endtime="20241025 07:55:41.248"/>
</kw>
<msg timestamp="20241025 07:55:41.248" level="INFO">${has_count_of_cart} = True</msg>
<status status="PASS" starttime="20241025 07:55:41.244" endtime="20241025 07:55:41.249"/>
</kw>
<if>
<branch type="IF" condition="${has_count_of_cart} == ${True}">
<kw name="Get Text" library="SeleniumLibrary">
<var>${count_of_cart}</var>
<arg>//span[@class='shopping_cart_badge']</arg>
<doc>Returns the text value of the element identified by ``locator``.</doc>
<msg timestamp="20241025 07:55:41.259" level="INFO">${count_of_cart} = 1</msg>
<status status="PASS" starttime="20241025 07:55:41.249" endtime="20241025 07:55:41.259"/>
</kw>
<status status="PASS" starttime="20241025 07:55:41.249" endtime="20241025 07:55:41.259"/>
</branch>
<branch type="ELSE">
<kw name="Set Variable" library="BuiltIn">
<var>${count_of_cart}</var>
<arg>0</arg>
<doc>Returns the given values which can then be assigned to a variables.</doc>
<status status="NOT RUN" starttime="20241025 07:55:41.259" endtime="20241025 07:55:41.259"/>
</kw>
<status status="NOT RUN" starttime="20241025 07:55:41.259" endtime="20241025 07:55:41.259"/>
</branch>
<status status="PASS" starttime="20241025 07:55:41.249" endtime="20241025 07:55:41.259"/>
</if>
<kw name="Click Button" library="SeleniumLibrary">
<arg>//div[@class='inventory_item' and .//div[text()='${product_sauce_labs_bolt_t-Shirt}[title]'] and .//div[@class='inventory_item_price'][text()='${product_sauce_labs_bolt_t-Shirt}[price]']]//button[text()='Add to cart']</arg>
<doc>Clicks the button identified by ``locator``.</doc>
<msg timestamp="20241025 07:55:41.259" level="INFO">Clicking button '//div[@class='inventory_item' and .//div[text()='Sauce Labs Bolt T-Shirt'] and .//div[@class='inventory_item_price'][text()='15.99']]//button[text()='Add to cart']'.</msg>
<status status="PASS" starttime="20241025 07:55:41.259" endtime="20241025 07:55:41.292"/>
</kw>
<kw name="Wait Until Element Is Visible" library="SeleniumLibrary">
<arg>//span[@class='shopping_cart_badge']</arg>
<doc>Waits until the element ``locator`` is visible.</doc>
<status status="PASS" starttime="20241025 07:55:41.292" endtime="20241025 07:55:41.304"/>
</kw>
<kw name="Get Text" library="SeleniumLibrary">
<var>${last_count_of_cart}</var>
<arg>//span[@class='shopping_cart_badge']</arg>
<doc>Returns the text value of the element identified by ``locator``.</doc>
<msg timestamp="20241025 07:55:41.313" level="INFO">${last_count_of_cart} = 2</msg>
<status status="PASS" starttime="20241025 07:55:41.304" endtime="20241025 07:55:41.313"/>
</kw>
<kw name="Should Be True" library="BuiltIn">
<arg>${count_of_cart} + 1 == ${last_count_of_cart}</arg>
<doc>Fails if the given condition is not true.</doc>
<status status="PASS" starttime="20241025 07:55:41.313" endtime="20241025 07:55:41.314"/>
</kw>
<kw name="Capture Page Screenshot" library="SeleniumLibrary">
<arg>TC_01_{index}.png</arg>
<doc>Takes a screenshot of the current page and embeds it into a log file.</doc>
<msg timestamp="20241025 07:55:41.381" level="INFO" html="true">&lt;/td&gt;&lt;/tr&gt;&lt;tr&gt;&lt;td colspan="3"&gt;&lt;a href="TC_01_4.png"&gt;&lt;img src="TC_01_4.png" width="800px"&gt;&lt;/a&gt;</msg>
<status status="PASS" starttime="20241025 07:55:41.314" endtime="20241025 07:55:41.381"/>
</kw>
<kw name="Click Element" library="SeleniumLibrary">
<arg>//a[@class='shopping_cart_link']</arg>
<doc>Click the element identified by ``locator``.</doc>
<msg timestamp="20241025 07:55:41.382" level="INFO">Clicking element '//a[@class='shopping_cart_link']'.</msg>
<status status="PASS" starttime="20241025 07:55:41.381" endtime="20241025 07:55:41.413"/>
</kw>
<kw name="Wait Until Element Is Visible" library="SeleniumLibrary">
<arg>//span[@class='title'][text()='Your Cart']</arg>
<doc>Waits until the element ``locator`` is visible.</doc>
<status status="PASS" starttime="20241025 07:55:41.414" endtime="20241025 07:55:41.428"/>
</kw>
<kw name="Page Should Contain Element" library="SeleniumLibrary">
<arg>//div[@class='cart_item' and .//div[@class='inventory_item_name'][text()='Sauce Labs Bike Light']]</arg>
<doc>Verifies that element ``locator`` is found on the current page.</doc>
<msg timestamp="20241025 07:55:41.436" level="INFO">Current page contains element '//div[@class='cart_item' and .//div[@class='inventory_item_name'][text()='Sauce Labs Bike Light']]'.</msg>
<status status="PASS" starttime="20241025 07:55:41.428" endtime="20241025 07:55:41.436"/>
</kw>
<kw name="Page Should Contain Element" library="SeleniumLibrary">
<arg>//div[@class='cart_item' and .//div[@class='inventory_item_name'][text()='Sauce Labs Bike Light'] and .//div[@class='inventory_item_price'][text()='9.99']]</arg>
<doc>Verifies that element ``locator`` is found on the current page.</doc>
<msg timestamp="20241025 07:55:41.442" level="INFO">Current page contains element '//div[@class='cart_item' and .//div[@class='inventory_item_name'][text()='Sauce Labs Bike Light'] and .//div[@class='inventory_item_price'][text()='9.99']]'.</msg>
<status status="PASS" starttime="20241025 07:55:41.436" endtime="20241025 07:55:41.442"/>
</kw>
<kw name="Page Should Contain Element" library="SeleniumLibrary">
<arg>//div[@class='cart_item' and .//div[@class='inventory_item_name'][text()='Sauce Labs Bike Light']]//button[text()='Remove']</arg>
<doc>Verifies that element ``locator`` is found on the current page.</doc>
<msg timestamp="20241025 07:55:41.449" level="INFO">Current page contains element '//div[@class='cart_item' and .//div[@class='inventory_item_name'][text()='Sauce Labs Bike Light']]//button[text()='Remove']'.</msg>
<status status="PASS" starttime="20241025 07:55:41.443" endtime="20241025 07:55:41.449"/>
</kw>
<kw name="Page Should Contain Element" library="SeleniumLibrary">
<arg>//div[@class='cart_item' and .//div[@class='inventory_item_name'][text()='Sauce Labs Bike Light'] and .//div[@class='cart_quantity'][text()='1']]</arg>
<doc>Verifies that element ``locator`` is found on the current page.</doc>
<msg timestamp="20241025 07:55:41.457" level="INFO">Current page contains element '//div[@class='cart_item' and .//div[@class='inventory_item_name'][text()='Sauce Labs Bike Light'] and .//div[@class='cart_quantity'][text()='1']]'.</msg>
<status status="PASS" starttime="20241025 07:55:41.449" endtime="20241025 07:55:41.457"/>
</kw>
<kw name="Page Should Contain Element" library="SeleniumLibrary">
<arg>//div[@class='cart_item' and .//div[@class='inventory_item_name'][text()='Sauce Labs Bolt T-Shirt']]</arg>
<doc>Verifies that element ``locator`` is found on the current page.</doc>
<msg timestamp="20241025 07:55:41.469" level="INFO">Current page contains element '//div[@class='cart_item' and .//div[@class='inventory_item_name'][text()='Sauce Labs Bolt T-Shirt']]'.</msg>
<status status="PASS" starttime="20241025 07:55:41.457" endtime="20241025 07:55:41.469"/>
</kw>
<kw name="Page Should Contain Element" library="SeleniumLibrary">
<arg>//div[@class='cart_item' and .//div[@class='inventory_item_name'][text()='Sauce Labs Bolt T-Shirt'] and .//div[@class='inventory_item_price'][text()='15.99']]</arg>
<doc>Verifies that element ``locator`` is found on the current page.</doc>
<msg timestamp="20241025 07:55:41.476" level="INFO">Current page contains element '//div[@class='cart_item' and .//div[@class='inventory_item_name'][text()='Sauce Labs Bolt T-Shirt'] and .//div[@class='inventory_item_price'][text()='15.99']]'.</msg>
<status status="PASS" starttime="20241025 07:55:41.469" endtime="20241025 07:55:41.476"/>
</kw>
<kw name="Page Should Contain Element" library="SeleniumLibrary">
<arg>//div[@class='cart_item' and .//div[@class='inventory_item_name'][text()='Sauce Labs Bolt T-Shirt']]//button[text()='Remove']</arg>
<doc>Verifies that element ``locator`` is found on the current page.</doc>
<msg timestamp="20241025 07:55:41.484" level="INFO">Current page contains element '//div[@class='cart_item' and .//div[@class='inventory_item_name'][text()='Sauce Labs Bolt T-Shirt']]//button[text()='Remove']'.</msg>
<status status="PASS" starttime="20241025 07:55:41.477" endtime="20241025 07:55:41.484"/>
</kw>
<kw name="Page Should Contain Element" library="SeleniumLibrary">
<arg>//div[@class='cart_item' and .//div[@class='inventory_item_name'][text()='Sauce Labs Bolt T-Shirt'] and .//div[@class='cart_quantity'][text()='1']]</arg>
<doc>Verifies that element ``locator`` is found on the current page.</doc>
<msg timestamp="20241025 07:55:41.491" level="INFO">Current page contains element '//div[@class='cart_item' and .//div[@class='inventory_item_name'][text()='Sauce Labs Bolt T-Shirt'] and .//div[@class='cart_quantity'][text()='1']]'.</msg>
<status status="PASS" starttime="20241025 07:55:41.484" endtime="20241025 07:55:41.491"/>
</kw>
<kw name="Capture Page Screenshot" library="SeleniumLibrary">
<arg>TC_01_{index}.png</arg>
<doc>Takes a screenshot of the current page and embeds it into a log file.</doc>
<msg timestamp="20241025 07:55:41.552" level="INFO" html="true">&lt;/td&gt;&lt;/tr&gt;&lt;tr&gt;&lt;td colspan="3"&gt;&lt;a href="TC_01_5.png"&gt;&lt;img src="TC_01_5.png" width="800px"&gt;&lt;/a&gt;</msg>
<status status="PASS" starttime="20241025 07:55:41.491" endtime="20241025 07:55:41.552"/>
</kw>
<kw name="Click Element" library="SeleniumLibrary">
<arg>//button[@id='checkout']</arg>
<doc>Click the element identified by ``locator``.</doc>
<msg timestamp="20241025 07:55:41.553" level="INFO">Clicking element '//button[@id='checkout']'.</msg>
<status status="PASS" starttime="20241025 07:55:41.552" endtime="20241025 07:55:41.582"/>
</kw>
<kw name="Wait Until Element Is Visible" library="SeleniumLibrary">
<arg>//span[@class='title'][text()='Checkout: Your Information']</arg>
<doc>Waits until the element ``locator`` is visible.</doc>
<status status="PASS" starttime="20241025 07:55:41.583" endtime="20241025 07:55:41.598"/>
</kw>
<kw name="Page Should Contain Element" library="SeleniumLibrary">
<arg>//input[@id='first-name']</arg>
<doc>Verifies that element ``locator`` is found on the current page.</doc>
<msg timestamp="20241025 07:55:41.606" level="INFO">Current page contains element '//input[@id='first-name']'.</msg>
<status status="PASS" starttime="20241025 07:55:41.598" endtime="20241025 07:55:41.606"/>
</kw>
<kw name="Page Should Contain Element" library="SeleniumLibrary">
<arg>//input[@id='last-name']</arg>
<doc>Verifies that element ``locator`` is found on the current page.</doc>
<msg timestamp="20241025 07:55:41.614" level="INFO">Current page contains element '//input[@id='last-name']'.</msg>
<status status="PASS" starttime="20241025 07:55:41.606" endtime="20241025 07:55:41.614"/>
</kw>
<kw name="Page Should Contain Element" library="SeleniumLibrary">
<arg>//input[@id='postal-code']</arg>
<doc>Verifies that element ``locator`` is found on the current page.</doc>
<msg timestamp="20241025 07:55:41.622" level="INFO">Current page contains element '//input[@id='postal-code']'.</msg>
<status status="PASS" starttime="20241025 07:55:41.614" endtime="20241025 07:55:41.622"/>
</kw>
<kw name="Capture Page Screenshot" library="SeleniumLibrary">
<arg>TC_01_{index}.png</arg>
<doc>Takes a screenshot of the current page and embeds it into a log file.</doc>
<msg timestamp="20241025 07:55:41.685" level="INFO" html="true">&lt;/td&gt;&lt;/tr&gt;&lt;tr&gt;&lt;td colspan="3"&gt;&lt;a href="TC_01_6.png"&gt;&lt;img src="TC_01_6.png" width="800px"&gt;&lt;/a&gt;</msg>
<status status="PASS" starttime="20241025 07:55:41.622" endtime="20241025 07:55:41.685"/>
</kw>
<kw name="Input Text" library="SeleniumLibrary">
<arg>//input[@id='first-name']</arg>
<arg>Todsobb</arg>
<doc>Types the given ``text`` into the text field identified by ``locator``.</doc>
<msg timestamp="20241025 07:55:41.686" level="INFO">Typing text 'Todsobb' into text field '//input[@id='first-name']'.</msg>
<status status="PASS" starttime="20241025 07:55:41.686" endtime="20241025 07:55:41.745"/>
</kw>
<kw name="Textfield Value Should Be" library="SeleniumLibrary">
<arg>//input[@id='first-name']</arg>
<arg>Todsobb</arg>
<doc>Verifies text field ``locator`` has exactly text ``expected``.</doc>
<msg timestamp="20241025 07:55:41.762" level="INFO">Content of text field '//input[@id='first-name']' is 'Todsobb'.</msg>
<status status="PASS" starttime="20241025 07:55:41.745" endtime="20241025 07:55:41.762"/>
</kw>
<kw name="Input Text" library="SeleniumLibrary">
<arg>//input[@id='last-name']</arg>
<arg>LastTodsob</arg>
<doc>Types the given ``text`` into the text field identified by ``locator``.</doc>
<msg timestamp="20241025 07:55:41.762" level="INFO">Typing text 'LastTodsob' into text field '//input[@id='last-name']'.</msg>
<status status="PASS" starttime="20241025 07:55:41.762" endtime="20241025 07:55:41.822"/>
</kw>
<kw name="Textfield Value Should Be" library="SeleniumLibrary">
<arg>//input[@id='last-name']</arg>
<arg>LastTodsob</arg>
<doc>Verifies text field ``locator`` has exactly text ``expected``.</doc>
<msg timestamp="20241025 07:55:41.837" level="INFO">Content of text field '//input[@id='last-name']' is 'LastTodsob'.</msg>
<status status="PASS" starttime="20241025 07:55:41.822" endtime="20241025 07:55:41.837"/>
</kw>
<kw name="Input Text" library="SeleniumLibrary">
<arg>//input[@id='postal-code']</arg>
<arg>20220</arg>
<doc>Types the given ``text`` into the text field identified by ``locator``.</doc>
<msg timestamp="20241025 07:55:41.837" level="INFO">Typing text '20220' into text field '//input[@id='postal-code']'.</msg>
<status status="PASS" starttime="20241025 07:55:41.837" endtime="20241025 07:55:41.888"/>
</kw>
<kw name="Textfield Value Should Be" library="SeleniumLibrary">
<arg>//input[@id='postal-code']</arg>
<arg>20220</arg>
<doc>Verifies text field ``locator`` has exactly text ``expected``.</doc>
<msg timestamp="20241025 07:55:41.904" level="INFO">Content of text field '//input[@id='postal-code']' is '20220'.</msg>
<status status="PASS" starttime="20241025 07:55:41.888" endtime="20241025 07:55:41.904"/>
</kw>
<kw name="Click Element" library="SeleniumLibrary">
<arg>//input[@id='continue']</arg>
<doc>Click the element identified by ``locator``.</doc>
<msg timestamp="20241025 07:55:41.905" level="INFO">Clicking element '//input[@id='continue']'.</msg>
<status status="PASS" starttime="20241025 07:55:41.905" endtime="20241025 07:55:41.946"/>
</kw>
<kw name="Wait Until Element Is Visible" library="SeleniumLibrary">
<arg>//span[@class='title'][text()='Checkout: Overview']</arg>
<doc>Waits until the element ``locator`` is visible.</doc>
<status status="PASS" starttime="20241025 07:55:41.946" endtime="20241025 07:55:41.963"/>
</kw>
<kw name="Wait Until Element Is Visible" library="SeleniumLibrary">
<arg>//div[@class='cart_quantity_label'][text()='QTY']</arg>
<doc>Waits until the element ``locator`` is visible.</doc>
<status status="PASS" starttime="20241025 07:55:41.963" endtime="20241025 07:55:41.975"/>
</kw>
<kw name="Wait Until Element Is Visible" library="SeleniumLibrary">
<arg>//div[@class='cart_desc_label'][text()='Description']</arg>
<doc>Waits until the element ``locator`` is visible.</doc>
<status status="PASS" starttime="20241025 07:55:41.975" endtime="20241025 07:55:41.987"/>
</kw>
<kw name="Page Should Contain Element" library="SeleniumLibrary">
<arg>//div[@class='cart_item' and .//div[@class='inventory_item_name'][text()='Sauce Labs Bike Light']]</arg>
<doc>Verifies that element ``locator`` is found on the current page.</doc>
<msg timestamp="20241025 07:55:41.992" level="INFO">Current page contains element '//div[@class='cart_item' and .//div[@class='inventory_item_name'][text()='Sauce Labs Bike Light']]'.</msg>
<status status="PASS" starttime="20241025 07:55:41.988" endtime="20241025 07:55:41.992"/>
</kw>
<kw name="Page Should Contain Element" library="SeleniumLibrary">
<arg>//div[@class='cart_item' and .//div[@class='inventory_item_name'][text()='Sauce Labs Bike Light'] and .//div[@class='inventory_item_price'][text()='9.99']]</arg>
<doc>Verifies that element ``locator`` is found on the current page.</doc>
<msg timestamp="20241025 07:55:41.996" level="INFO">Current page contains element '//div[@class='cart_item' and .//div[@class='inventory_item_name'][text()='Sauce Labs Bike Light'] and .//div[@class='inventory_item_price'][text()='9.99']]'.</msg>
<status status="PASS" starttime="20241025 07:55:41.993" endtime="20241025 07:55:41.997"/>
</kw>
<kw name="Page Should Contain Element" library="SeleniumLibrary">
<arg>//div[@class='cart_item' and .//div[@class='inventory_item_name'][text()='Sauce Labs Bike Light'] and .//div[@class='cart_quantity'][text()='1']]</arg>
<doc>Verifies that element ``locator`` is found on the current page.</doc>
<msg timestamp="20241025 07:55:42.001" level="INFO">Current page contains element '//div[@class='cart_item' and .//div[@class='inventory_item_name'][text()='Sauce Labs Bike Light'] and .//div[@class='cart_quantity'][text()='1']]'.</msg>
<status status="PASS" starttime="20241025 07:55:41.997" endtime="20241025 07:55:42.001"/>
</kw>
<kw name="Page Should Contain Element" library="SeleniumLibrary">
<arg>//div[@class='cart_item' and .//div[@class='inventory_item_name'][text()='Sauce Labs Bolt T-Shirt']]</arg>
<doc>Verifies that element ``locator`` is found on the current page.</doc>
<msg timestamp="20241025 07:55:42.006" level="INFO">Current page contains element '//div[@class='cart_item' and .//div[@class='inventory_item_name'][text()='Sauce Labs Bolt T-Shirt']]'.</msg>
<status status="PASS" starttime="20241025 07:55:42.002" endtime="20241025 07:55:42.006"/>
</kw>
<kw name="Page Should Contain Element" library="SeleniumLibrary">
<arg>//div[@class='cart_item' and .//div[@class='inventory_item_name'][text()='Sauce Labs Bolt T-Shirt'] and .//div[@class='inventory_item_price'][text()='15.99']]</arg>
<doc>Verifies that element ``locator`` is found on the current page.</doc>
<msg timestamp="20241025 07:55:42.010" level="INFO">Current page contains element '//div[@class='cart_item' and .//div[@class='inventory_item_name'][text()='Sauce Labs Bolt T-Shirt'] and .//div[@class='inventory_item_price'][text()='15.99']]'.</msg>
<status status="PASS" starttime="20241025 07:55:42.006" endtime="20241025 07:55:42.010"/>
</kw>
<kw name="Page Should Contain Element" library="SeleniumLibrary">
<arg>//div[@class='cart_item' and .//div[@class='inventory_item_name'][text()='Sauce Labs Bolt T-Shirt'] and .//div[@class='cart_quantity'][text()='1']]</arg>
<doc>Verifies that element ``locator`` is found on the current page.</doc>
<msg timestamp="20241025 07:55:42.014" level="INFO">Current page contains element '//div[@class='cart_item' and .//div[@class='inventory_item_name'][text()='Sauce Labs Bolt T-Shirt'] and .//div[@class='cart_quantity'][text()='1']]'.</msg>
<status status="PASS" starttime="20241025 07:55:42.010" endtime="20241025 07:55:42.014"/>
</kw>
<kw name="Page Should Contain Element" library="SeleniumLibrary">
<arg>//div[@class='summary_info_label'][text()='Payment Information:']</arg>
<doc>Verifies that element ``locator`` is found on the current page.</doc>
<msg timestamp="20241025 07:55:42.021" level="INFO">Current page contains element '//div[@class='summary_info_label'][text()='Payment Information:']'.</msg>
<status status="PASS" starttime="20241025 07:55:42.015" endtime="20241025 07:55:42.021"/>
</kw>
<kw name="Page Should Contain Element" library="SeleniumLibrary">
<arg>//div[@class='summary_value_label'][text()='SauceCard #31337']</arg>
<doc>Verifies that element ``locator`` is found on the current page.</doc>
<msg timestamp="20241025 07:55:42.028" level="INFO">Current page contains element '//div[@class='summary_value_label'][text()='SauceCard #31337']'.</msg>
<status status="PASS" starttime="20241025 07:55:42.022" endtime="20241025 07:55:42.028"/>
</kw>
<kw name="Page Should Contain Element" library="SeleniumLibrary">
<arg>//div[@class='summary_info_label'][text()='Shipping Information:']</arg>
<doc>Verifies that element ``locator`` is found on the current page.</doc>
<msg timestamp="20241025 07:55:42.035" level="INFO">Current page contains element '//div[@class='summary_info_label'][text()='Shipping Information:']'.</msg>
<status status="PASS" starttime="20241025 07:55:42.029" endtime="20241025 07:55:42.035"/>
</kw>
<kw name="Page Should Contain Element" library="SeleniumLibrary">
<arg>//div[@class='summary_value_label'][text()='Free Pony Express Delivery!']</arg>
<doc>Verifies that element ``locator`` is found on the current page.</doc>
<msg timestamp="20241025 07:55:42.042" level="INFO">Current page contains element '//div[@class='summary_value_label'][text()='Free Pony Express Delivery!']'.</msg>
<status status="PASS" starttime="20241025 07:55:42.036" endtime="20241025 07:55:42.042"/>
</kw>
<kw name="Page Should Contain Element" library="SeleniumLibrary">
<arg>//div[@class='summary_info_label'][text()='Price Total']</arg>
<doc>Verifies that element ``locator`` is found on the current page.</doc>
<msg timestamp="20241025 07:55:42.050" level="INFO">Current page contains element '//div[@class='summary_info_label'][text()='Price Total']'.</msg>
<status status="PASS" starttime="20241025 07:55:42.042" endtime="20241025 07:55:42.050"/>
</kw>
<kw name="Evaluate" library="BuiltIn">
<var>${item_total}</var>
<arg>${product_sauce_labs_bike_light}[price] + ${product_sauce_labs_bolt_t-Shirt}[price]</arg>
<doc>Evaluates the given expression in Python and returns the result.</doc>
<msg timestamp="20241025 07:55:42.050" level="INFO">${item_total} = 25.98</msg>
<status status="PASS" starttime="20241025 07:55:42.050" endtime="20241025 07:55:42.050"/>
</kw>
<kw name="Page Should Contain Element" library="SeleniumLibrary">
<arg>//div[@data-test='subtotal-label'][text()='Item total: $' and text()='${item_total}']</arg>
<doc>Verifies that element ``locator`` is found on the current page.</doc>
<msg timestamp="20241025 07:55:42.057" level="INFO">Current page contains element '//div[@data-test='subtotal-label'][text()='Item total: $' and text()='25.98']'.</msg>
<status status="PASS" starttime="20241025 07:55:42.050" endtime="20241025 07:55:42.057"/>
</kw>
<kw name="Evaluate" library="BuiltIn">
<var>${tax_from_item_total}</var>
<arg>${item_total} * ${tax}</arg>
<doc>Evaluates the given expression in Python and returns the result.</doc>
<msg timestamp="20241025 07:55:42.058" level="INFO">${tax_from_item_total} = 2.0800000000010943</msg>
<status status="PASS" starttime="20241025 07:55:42.057" endtime="20241025 07:55:42.058"/>
</kw>
<kw name="Format String" library="String">
<var>${tax_from_item_total_end2}</var>
<arg>{:.2f}</arg>
<arg>${tax_from_item_total}</arg>
<doc>Formats a ``template`` using the given ``positional`` and ``named`` arguments.</doc>
<msg timestamp="20241025 07:55:42.058" level="INFO">${tax_from_item_total_end2} = 2.08</msg>
<status status="PASS" starttime="20241025 07:55:42.058" endtime="20241025 07:55:42.058"/>
</kw>
<kw name="Page Should Contain Element" library="SeleniumLibrary">
<arg>//div[@data-test='tax-label'][text()='Tax: $' and text()='${${tax_from_item_total_end2}}']</arg>
<doc>Verifies that element ``locator`` is found on the current page.</doc>
<msg timestamp="20241025 07:55:42.066" level="INFO">Current page contains element '//div[@data-test='tax-label'][text()='Tax: $' and text()='2.08']'.</msg>
<status status="PASS" starttime="20241025 07:55:42.058" endtime="20241025 07:55:42.066"/>
</kw>
<kw name="Evaluate" library="BuiltIn">
<var>${last_total}</var>
<arg>${item_total} + ${tax_from_item_total_end2}</arg>
<doc>Evaluates the given expression in Python and returns the result.</doc>
<msg timestamp="20241025 07:55:42.066" level="INFO">${last_total} = 28.060000000000002</msg>
<status status="PASS" starttime="20241025 07:55:42.066" endtime="20241025 07:55:42.066"/>
</kw>
<kw name="Format String" library="String">
<var>${last_total_end}</var>
<arg>{:.2f}</arg>
<arg>${last_total}</arg>
<doc>Formats a ``template`` using the given ``positional`` and ``named`` arguments.</doc>
<msg timestamp="20241025 07:55:42.067" level="INFO">${last_total_end} = 28.06</msg>
<status status="PASS" starttime="20241025 07:55:42.067" endtime="20241025 07:55:42.067"/>
</kw>
<kw name="Page Should Contain Element" library="SeleniumLibrary">
<arg>//div[@data-test='total-label'][text()='Total: $' and text()='${last_total_end}']</arg>
<doc>Verifies that element ``locator`` is found on the current page.</doc>
<msg timestamp="20241025 07:55:42.073" level="INFO">Current page contains element '//div[@data-test='total-label'][text()='Total: $' and text()='28.06']'.</msg>
<status status="PASS" starttime="20241025 07:55:42.067" endtime="20241025 07:55:42.073"/>
</kw>
<kw name="Click Element" library="SeleniumLibrary">
<arg>//button[@id='finish']</arg>
<doc>Click the element identified by ``locator``.</doc>
<msg timestamp="20241025 07:55:42.074" level="INFO">Clicking element '//button[@id='finish']'.</msg>
<status status="PASS" starttime="20241025 07:55:42.073" endtime="20241025 07:55:42.102"/>
</kw>
<kw name="Wait Until Element Is Visible" library="SeleniumLibrary">
<arg>//span[@class='title'][text()='Checkout: Complete!']</arg>
<doc>Waits until the element ``locator`` is visible.</doc>
<status status="PASS" starttime="20241025 07:55:42.102" endtime="20241025 07:55:42.118"/>
</kw>
<kw name="Page Should Contain Element" library="SeleniumLibrary">
<arg>//h2[@class='complete-header'][text()='Thank you for your order!']</arg>
<doc>Verifies that element ``locator`` is found on the current page.</doc>
<msg timestamp="20241025 07:55:42.124" level="INFO">Current page contains element '//h2[@class='complete-header'][text()='Thank you for your order!']'.</msg>
<status status="PASS" starttime="20241025 07:55:42.118" endtime="20241025 07:55:42.124"/>
</kw>
<kw name="Page Should Contain Element" library="SeleniumLibrary">
<arg>//img[@class='pony_express']</arg>
<doc>Verifies that element ``locator`` is found on the current page.</doc>
<msg timestamp="20241025 07:55:42.131" level="INFO">Current page contains element '//img[@class='pony_express']'.</msg>
<status status="PASS" starttime="20241025 07:55:42.125" endtime="20241025 07:55:42.131"/>
</kw>
<kw name="Capture Page Screenshot" library="SeleniumLibrary">
<arg>TC_01_{index}.png</arg>
<doc>Takes a screenshot of the current page and embeds it into a log file.</doc>
<msg timestamp="20241025 07:55:42.190" level="INFO" html="true">&lt;/td&gt;&lt;/tr&gt;&lt;tr&gt;&lt;td colspan="3"&gt;&lt;a href="TC_01_7.png"&gt;&lt;img src="TC_01_7.png" width="800px"&gt;&lt;/a&gt;</msg>
<status status="PASS" starttime="20241025 07:55:42.131" endtime="20241025 07:55:42.190"/>
</kw>
<status status="PASS" starttime="20241025 07:55:38.577" endtime="20241025 07:55:42.190"/>
</test>
<status status="PASS" starttime="20241025 07:55:38.420" endtime="20241025 07:55:42.192"/>
</suite>
<statistics>
<total>
<stat pass="1" fail="0" skip="0">All Tests</stat>
</total>
<tag>
</tag>
<suite>
<stat pass="1" fail="0" skip="0" id="s1" name="Ro+1">Ro+1</stat>
</suite>
</statistics>
<errors>
<msg timestamp="20241025 07:55:38.575" level="ERROR">Error in file 'C:\Users\User\Desktop\Last_product\Ro+1.robot' on line 6: Importing library 'Math' failed: ModuleNotFoundError: No module named 'Math'
Traceback (most recent call last):
  None
PYTHONPATH:
  C:\Users\User\AppData\Local\Programs\Python\Python312\Scripts\robot.exe
  C:\Users\User\AppData\Local\Programs\Python\Python312\python312.zip
  C:\Users\User\AppData\Local\Programs\Python\Python312\DLLs
  C:\Users\User\AppData\Local\Programs\Python\Python312\Lib
  C:\Users\User\AppData\Local\Programs\Python\Python312
  C:\Users\User\AppData\Local\Programs\Python\Python312\Lib\site-packages
  C:\Users\User\AppData\Local\Programs\Python\Python312\Lib\site-packages\win32
  C:\Users\User\AppData\Local\Programs\Python\Python312\Lib\site-packages\win32\lib
  C:\Users\User\AppData\Local\Programs\Python\Python312\Lib\site-packages\Pythonwin</msg>
<msg timestamp="20241025 07:55:38.836" level="WARN">The chromedriver version (129.0.6668.100) detected in PATH at C:\chromedriver\chromedriver.exe might not be compatible with the detected chrome version (130.0.6723.70); currently, chromedriver 130.0.6723.69 is recommended for chrome 130.*, so it is advised to delete the driver in PATH and retry</msg>
</errors>
</robot>
